<?xml version="1.0" encoding="UTF-8"?>
<!-- Generated by org.testng.reporters.JUnitXMLReporter -->
<testsuite hostname="Rishis-MacBook-Air.local" ignored="0" name="Default test" tests="8" failures="0" timestamp="02 May 2021 09:43:55 GMT" time="5.97" errors="0">
  <testcase name="testCase2_Part1" time="0.501" classname="com.qa.saucedemo.test.LoginPageTest"/>
  <testcase name="addToCartTest" time="0.214" classname="com.qa.saucedemo.test.LoginPageTest"/>
  <testcase name="testCase2_Part3" time="0.091" classname="com.qa.saucedemo.test.LoginPageTest"/>
  <testcase name="doCheckoutTest" time="0.318" classname="com.qa.saucedemo.test.LoginPageTest"/>
  <testcase name="paymentInfoTest" time="0.026" classname="com.qa.saucedemo.test.LoginPageTest"/>
  <testcase name="shippingInfoTest" time="0.025" classname="com.qa.saucedemo.test.LoginPageTest"/>
  <testcase name="totalAmountTest" time="0.027" classname="com.qa.saucedemo.test.LoginPageTest"/>
  <testcase name="finishTest" time="0.091" classname="com.qa.saucedemo.test.LoginPageTest"/>
</testsuite> <!-- Default test -->
