<?xml version="1.0" encoding="UTF-8"?>
<!-- Generated by org.testng.reporters.JUnitXMLReporter -->
<testsuite hostname="Rishis-MacBook-Air.local" ignored="0" name="doCheckoutTest" tests="8" failures="0" timestamp="02 May 2021 10:26:14 GMT" time="5.894" errors="0">
  <testcase name="testCase2_Part1" time="0.203" classname="com.qa.saucedemo.test.LoginPageTest"/>
  <testcase name="addToCartTest" time="0.32" classname="com.qa.saucedemo.test.LoginPageTest"/>
  <testcase name="testCase2_Part3" time="0.107" classname="com.qa.saucedemo.test.LoginPageTest"/>
  <testcase name="doCheckoutTest" time="0.447" classname="com.qa.saucedemo.test.LoginPageTest"/>
  <testcase name="paymentInfoTest" time="0.034" classname="com.qa.saucedemo.test.LoginPageTest"/>
  <testcase name="shippingInfoTest" time="0.038" classname="com.qa.saucedemo.test.LoginPageTest"/>
  <testcase name="totalAmountTest" time="0.035" classname="com.qa.saucedemo.test.LoginPageTest"/>
  <testcase name="finishTest" time="0.139" classname="com.qa.saucedemo.test.LoginPageTest"/>
</testsuite> <!-- doCheckoutTest -->
