<?xml version="1.0" encoding="UTF-8"?>
<!-- Generated by org.testng.reporters.JUnitXMLReporter -->
<testsuite hostname="Rishis-MacBook-Air.local" ignored="0" name="loginTest" tests="8" failures="0" timestamp="02 May 2021 10:25:52 GMT" time="4.702" errors="0">
  <testcase name="testCase2_Part1" time="0.158" classname="com.qa.saucedemo.test.LoginPageTest"/>
  <testcase name="addToCartTest" time="0.269" classname="com.qa.saucedemo.test.LoginPageTest"/>
  <testcase name="testCase2_Part3" time="0.108" classname="com.qa.saucedemo.test.LoginPageTest"/>
  <testcase name="doCheckoutTest" time="0.376" classname="com.qa.saucedemo.test.LoginPageTest"/>
  <testcase name="paymentInfoTest" time="0.032" classname="com.qa.saucedemo.test.LoginPageTest"/>
  <testcase name="shippingInfoTest" time="0.038" classname="com.qa.saucedemo.test.LoginPageTest"/>
  <testcase name="totalAmountTest" time="0.038" classname="com.qa.saucedemo.test.LoginPageTest"/>
  <testcase name="finishTest" time="0.13" classname="com.qa.saucedemo.test.LoginPageTest"/>
</testsuite> <!-- loginTest -->
