<?xml version="1.0" encoding="UTF-8"?>
<!-- Generated by org.testng.reporters.JUnitXMLReporter -->
<testsuite hostname="Rishis-MacBook-Air.local" ignored="0" name="LoginPageTest" tests="8" failures="0" timestamp="02 May 2021 10:54:12 GMT" time="4.769" errors="0">
  <testcase name="testCase2_Part1" time="0.367" classname="com.qa.saucedemo.test.LoginPageTest"/>
  <testcase name="addToCartTest" time="0.178" classname="com.qa.saucedemo.test.LoginPageTest"/>
  <testcase name="testCase2_Part3" time="0.077" classname="com.qa.saucedemo.test.LoginPageTest"/>
  <testcase name="doCheckoutTest" time="0.293" classname="com.qa.saucedemo.test.LoginPageTest"/>
  <testcase name="paymentInfoTest" time="0.024" classname="com.qa.saucedemo.test.LoginPageTest"/>
  <testcase name="shippingInfoTest" time="0.024" classname="com.qa.saucedemo.test.LoginPageTest"/>
  <testcase name="totalAmountTest" time="0.023" classname="com.qa.saucedemo.test.LoginPageTest"/>
  <testcase name="finishTest" time="0.085" classname="com.qa.saucedemo.test.LoginPageTest"/>
</testsuite> <!-- LoginPageTest -->
