<?xml version="1.0" encoding="UTF-8"?>
<!-- Generated by org.testng.reporters.JUnitXMLReporter -->
<testsuite hostname="Rishis-MacBook-Air.local" ignored="0" name="testCase2_Part1" tests="8" failures="0" timestamp="02 May 2021 10:25:57 GMT" time="5.017" errors="0">
  <testcase name="testCase2_Part1" time="0.215" classname="com.qa.saucedemo.test.LoginPageTest"/>
  <testcase name="addToCartTest" time="0.247" classname="com.qa.saucedemo.test.LoginPageTest"/>
  <testcase name="testCase2_Part3" time="0.102" classname="com.qa.saucedemo.test.LoginPageTest"/>
  <testcase name="doCheckoutTest" time="0.45" classname="com.qa.saucedemo.test.LoginPageTest"/>
  <testcase name="paymentInfoTest" time="0.035" classname="com.qa.saucedemo.test.LoginPageTest"/>
  <testcase name="shippingInfoTest" time="0.037" classname="com.qa.saucedemo.test.LoginPageTest"/>
  <testcase name="totalAmountTest" time="0.035" classname="com.qa.saucedemo.test.LoginPageTest"/>
  <testcase name="finishTest" time="0.131" classname="com.qa.saucedemo.test.LoginPageTest"/>
</testsuite> <!-- testCase2_Part1 -->
