<?xml version="1.0" encoding="UTF-8"?>
<!-- Generated by org.testng.reporters.JUnitXMLReporter -->
<testsuite hostname="Rishis-MacBook-Air.local" ignored="0" name="totalAmountTest" tests="8" failures="0" timestamp="02 May 2021 10:26:26 GMT" time="5.975" errors="0">
  <testcase name="testCase2_Part1" time="0.257" classname="com.qa.saucedemo.test.LoginPageTest"/>
  <testcase name="addToCartTest" time="0.26" classname="com.qa.saucedemo.test.LoginPageTest"/>
  <testcase name="testCase2_Part3" time="0.106" classname="com.qa.saucedemo.test.LoginPageTest"/>
  <testcase name="doCheckoutTest" time="0.447" classname="com.qa.saucedemo.test.LoginPageTest"/>
  <testcase name="paymentInfoTest" time="0.033" classname="com.qa.saucedemo.test.LoginPageTest"/>
  <testcase name="shippingInfoTest" time="0.034" classname="com.qa.saucedemo.test.LoginPageTest"/>
  <testcase name="totalAmountTest" time="0.043" classname="com.qa.saucedemo.test.LoginPageTest"/>
  <testcase name="finishTest" time="0.172" classname="com.qa.saucedemo.test.LoginPageTest"/>
</testsuite> <!-- totalAmountTest -->
