<?xml version="1.0" encoding="UTF-8"?>
<!-- Generated by org.testng.reporters.JUnitXMLReporter -->
<testsuite hostname="Rishis-MacBook-Air.local" ignored="0" name="verifyLoginPageTitleTest" tests="8" failures="0" timestamp="02 May 2021 10:25:47 GMT" time="6.096" errors="0">
  <testcase name="testCase2_Part1" time="0.268" classname="com.qa.saucedemo.test.LoginPageTest"/>
  <testcase name="addToCartTest" time="0.231" classname="com.qa.saucedemo.test.LoginPageTest"/>
  <testcase name="testCase2_Part3" time="0.105" classname="com.qa.saucedemo.test.LoginPageTest"/>
  <testcase name="doCheckoutTest" time="0.38" classname="com.qa.saucedemo.test.LoginPageTest"/>
  <testcase name="paymentInfoTest" time="0.031" classname="com.qa.saucedemo.test.LoginPageTest"/>
  <testcase name="shippingInfoTest" time="0.032" classname="com.qa.saucedemo.test.LoginPageTest"/>
  <testcase name="totalAmountTest" time="0.031" classname="com.qa.saucedemo.test.LoginPageTest"/>
  <testcase name="finishTest" time="0.114" classname="com.qa.saucedemo.test.LoginPageTest"/>
</testsuite> <!-- verifyLoginPageTitleTest -->
